#
# There is insufficient memory for the Java Runtime Environment to continue.
# Native memory allocation (malloc) failed to allocate 99216 bytes for Chunk::new
# Possible reasons:
#   The process is running with CompressedOops enabled, and the Java Heap may be blocking the growth of the native heap
# Possible solutions:
#   Reduce memory load on the system
#   Increase physical memory or swap space
#   Check if swap backing store is full
#   Decrease Java heap size (-Xmx/-Xms)
#   Decrease number of Java threads
#   Decrease Java thread stack sizes (-Xss)
#   Set larger code cache with -XX:ReservedCodeCacheSize=
#   JVM is running with Unscaled Compressed Oops mode in which the Java heap is
#     placed in the first 4GB address space. The Java Heap base address is the
#     maximum limit for the native heap growth. Please use -XX:HeapBaseMinAddress
#     to set the Java Heap base and to place the Java Heap above 4GB virtual address.
# This output file may be truncated or incomplete.
#
#  Out of Memory Error (./src/hotspot/share/memory/arena.cpp:197), pid=18908, tid=20288
#
# JRE version: OpenJDK Runtime Environment (11.0.10) (build 11.0.10+0-b96-7249189)
# Java VM: OpenJDK 64-Bit Server VM (11.0.10+0-b96-7249189, mixed mode, tiered, compressed oops, g1 gc, windows-amd64)
# No core dump will be written. Minidumps are not enabled by default on client versions of Windows
#

---------------  S U M M A R Y ------------

Command Line: -Dorg.gradle.appname=gradlew org.gradle.wrapper.GradleWrapperMain -q -Ptarget-platform=android-x86 -Ptarget=C:\Users\FS\AndroidStudioProjects\Digital_Quran\lib\main.dart -Pdart-defines=Zmx1dHRlci5pbnNwZWN0b3Iuc3RydWN0dXJlZEVycm9ycz10cnVl,RkxVVFRFUl9XRUJfQVVUT19ERVRFQ1Q9dHJ1ZQ== -Pdart-obfuscation=false -Ptrack-widget-creation=true -Ptree-shake-icons=false -Pfilesystem-scheme=org-dartlang-root assembleDebug

Host: Intel(R) Core(TM) i7-6600U CPU @ 2.60GHz, 4 cores, 7G,  Windows 10 , 64 bit Build 19041 (10.0.19041.1348)
Time: Mon Dec 13 15:35:53 2021 Pakistan Standard Time elapsed time: 3.789196 seconds (0d 0h 0m 3s)

---------------  T H R E A D  ---------------

Current thread (0x00000260b23e2800):  JavaThread "C2 CompilerThread0" daemon [_thread_in_native, id=20288, stack(0x000000e63e400000,0x000000e63e500000)]


Current CompileTask:
C2:   3789  782   !   4       java.util.jar.JarFile::checkForSpecialAttributes (163 bytes)

Stack: [0x000000e63e400000,0x000000e63e500000]
Native frames: (J=compiled Java code, j=interpreted, Vv=VM code, C=native code)
V  [jvm.dll+0x5ecfaa]
V  [jvm.dll+0x722bd5]
V  [jvm.dll+0x72412d]
V  [jvm.dll+0x7247e3]
V  [jvm.dll+0x242928]
V  [jvm.dll+0xbc4fc]
V  [jvm.dll+0xbca0c]
V  [jvm.dll+0x352d7d]
V  [jvm.dll+0x320ad3]
V  [jvm.dll+0x31ffca]
V  [jvm.dll+0x1fb602]
V  [jvm.dll+0x1fa7f4]
V  [jvm.dll+0x18354c]
V  [jvm.dll+0x208ee7]
V  [jvm.dll+0x207731]
V  [jvm.dll+0x6eb1cf]
V  [jvm.dll+0x6e3d45]
V  [jvm.dll+0x5ebe96]
C  [ucrtbase.dll+0x21bb2]
C  [KERNEL32.DLL+0x17034]
C  [ntdll.dll+0x52651]


---------------  P R O C E S S  ---------------

Threads class SMR info:
_java_thread_list=0x00000260b2e735d0, length=10, elements={
0x0000026096b94000, 0x00000260b23b9800, 0x00000260b23bb800, 0x00000260b23da800,
0x00000260b23dc800, 0x00000260b23dd800, 0x00000260b23e2800, 0x00000260b23e9000,
0x00000260b23f3800, 0x00000260b2e80000
}

Java Threads: ( => current thread )
  0x0000026096b94000 JavaThread "main" [_thread_in_native, id=18188, stack(0x000000e63d800000,0x000000e63d900000)]
  0x00000260b23b9800 JavaThread "Reference Handler" daemon [_thread_blocked, id=3056, stack(0x000000e63df00000,0x000000e63e000000)]
  0x00000260b23bb800 JavaThread "Finalizer" daemon [_thread_blocked, id=14400, stack(0x000000e63e000000,0x000000e63e100000)]
  0x00000260b23da800 JavaThread "Signal Dispatcher" daemon [_thread_blocked, id=8652, stack(0x000000e63e100000,0x000000e63e200000)]
  0x00000260b23dc800 JavaThread "Attach Listener" daemon [_thread_blocked, id=16612, stack(0x000000e63e200000,0x000000e63e300000)]
  0x00000260b23dd800 JavaThread "Service Thread" daemon [_thread_blocked, id=20012, stack(0x000000e63e300000,0x000000e63e400000)]
=>0x00000260b23e2800 JavaThread "C2 CompilerThread0" daemon [_thread_in_native, id=20288, stack(0x000000e63e400000,0x000000e63e500000)]
  0x00000260b23e9000 JavaThread "C1 CompilerThread0" daemon [_thread_blocked, id=1840, stack(0x000000e63e500000,0x000000e63e600000)]
  0x00000260b23f3800 JavaThread "Sweeper thread" daemon [_thread_blocked, id=18856, stack(0x000000e63e600000,0x000000e63e700000)]
  0x00000260b2e80000 JavaThread "Common-Cleaner" daemon [_thread_blocked, id=12420, stack(0x000000e63e800000,0x000000e63e900000)]

Other Threads:
  0x00000260b2394000 VMThread "VM Thread" [stack: 0x000000e63de00000,0x000000e63df00000] [id=20024]
  0x00000260b2e77000 WatcherThread [stack: 0x000000e63e700000,0x000000e63e800000] [id=7728]
  0x0000026096bac000 GCTaskThread "GC Thread#0" [stack: 0x000000e63d900000,0x000000e63da00000] [id=20268]
  0x00000260b30fd800 GCTaskThread "GC Thread#1" [stack: 0x000000e63e900000,0x000000e63ea00000] [id=19596]
  0x0000026096bda000 ConcurrentGCThread "G1 Main Marker" [stack: 0x000000e63da00000,0x000000e63db00000] [id=892]
  0x0000026096bdb800 ConcurrentGCThread "G1 Conc#0" [stack: 0x000000e63db00000,0x000000e63dc00000] [id=20248]
  0x0000026096c5b800 ConcurrentGCThread "G1 Refine#0" [stack: 0x000000e63dc00000,0x000000e63dd00000] [id=13448]
  0x0000026096c5c800 ConcurrentGCThread "G1 Young RemSet Sampling" [stack: 0x000000e63dd00000,0x000000e63de00000] [id=2848]

Threads with active compile tasks:
C2 CompilerThread0   3868  782   !   4       java.util.jar.JarFile::checkForSpecialAttributes (163 bytes)

VM state:not at safepoint (normal execution)

VM Mutex/Monitor currently owned by a thread: None

OutOfMemory and StackOverflow Exception counts:
OutOfMemoryError java_heap_errors=4
LinkageErrors=3

Heap address: 0x0000000085a00000, size: 1958 MB, Compressed Oops mode: 32-bit
Narrow klass base: 0x0000000000000000, Narrow klass shift: 3
Compressed class space size: 1073741824 Address: 0x0000000100000000

Heap:
 garbage-first heap   total 126976K, used 9283K [0x0000000085a00000, 0x0000000100000000)
  region size 1024K, 3 young (3072K), 1 survivors (1024K)
 Metaspace       used 10037K, capacity 10253K, committed 10368K, reserved 1060864K
  class space    used 1029K, capacity 1097K, committed 1152K, reserved 1048576K
Heap Regions: E=young(eden), S=young(survivor), O=old, HS=humongous(starts), HC=humongous(continues), CS=collection set, F=free, A=archive, TAMS=top-at-mark-start (previous, next)
|   0|0x0000000085a00000, 0x0000000085b00000, 0x0000000085b00000|100%| O|  |TAMS 0x0000000085b00000, 0x0000000085a00000| Untracked 
|   1|0x0000000085b00000, 0x0000000085bbbe00, 0x0000000085c00000| 73%| O|  |TAMS 0x0000000085bbbe00, 0x0000000085b00000| Untracked 
|   2|0x0000000085c00000, 0x0000000085c00000, 0x0000000085d00000|  0%| F|  |TAMS 0x0000000085c00000, 0x0000000085c00000| Untracked 
|   3|0x0000000085d00000, 0x0000000085e00000, 0x0000000085e00000|100%|HS|  |TAMS 0x0000000085e00000, 0x0000000085d00000| Complete 
|   4|0x0000000085e00000, 0x0000000085f00000, 0x0000000085f00000|100%|HC|  |TAMS 0x0000000085f00000, 0x0000000085e00000| Complete 
|   5|0x0000000085f00000, 0x0000000086000000, 0x0000000086000000|100%|HC|  |TAMS 0x0000000086000000, 0x0000000085f00000| Complete 
|   6|0x0000000086000000, 0x0000000086100000, 0x0000000086100000|100%| O|  |TAMS 0x0000000086100000, 0x0000000086000000| Untracked 
|   7|0x0000000086100000, 0x0000000086200000, 0x0000000086200000|100%| O|  |TAMS 0x0000000086200000, 0x0000000086100000| Untracked 
|   8|0x0000000086200000, 0x0000000086300000, 0x0000000086300000|100%| O|  |TAMS 0x0000000086300000, 0x0000000086200000| Untracked 
|   9|0x0000000086300000, 0x0000000086300000, 0x0000000086400000|  0%| F|  |TAMS 0x0000000086300000, 0x0000000086300000| Untracked 
|  10|0x0000000086400000, 0x0000000086400000, 0x0000000086500000|  0%| F|  |TAMS 0x0000000086400000, 0x0000000086400000| Untracked 
|  11|0x0000000086500000, 0x0000000086500000, 0x0000000086600000|  0%| F|  |TAMS 0x0000000086500000, 0x0000000086500000| Untracked 
|  12|0x0000000086600000, 0x0000000086600000, 0x0000000086700000|  0%| F|  |TAMS 0x0000000086600000, 0x0000000086600000| Untracked 
|  13|0x0000000086700000, 0x0000000086700000, 0x0000000086800000|  0%| F|  |TAMS 0x0000000086700000, 0x0000000086700000| Untracked 
|  14|0x0000000086800000, 0x0000000086800000, 0x0000000086900000|  0%| F|  |TAMS 0x0000000086800000, 0x0000000086800000| Untracked 
|  15|0x0000000086900000, 0x0000000086900000, 0x0000000086a00000|  0%| F|  |TAMS 0x0000000086900000, 0x0000000086900000| Untracked 
|  16|0x0000000086a00000, 0x0000000086a00000, 0x0000000086b00000|  0%| F|  |TAMS 0x0000000086a00000, 0x0000000086a00000| Untracked 
|  17|0x0000000086b00000, 0x0000000086b00000, 0x0000000086c00000|  0%| F|  |TAMS 0x0000000086b00000, 0x0000000086b00000| Untracked 
|  18|0x0000000086c00000, 0x0000000086c00000, 0x0000000086d00000|  0%| F|  |TAMS 0x0000000086c00000, 0x0000000086c00000| Untracked 
|  19|0x0000000086d00000, 0x0000000086d00000, 0x0000000086e00000|  0%| F|  |TAMS 0x0000000086d00000, 0x0000000086d00000| Untracked 
|  20|0x0000000086e00000, 0x0000000086e00000, 0x0000000086f00000|  0%| F|  |TAMS 0x0000000086e00000, 0x0000000086e00000| Untracked 
|  21|0x0000000086f00000, 0x0000000086f00000, 0x0000000087000000|  0%| F|  |TAMS 0x0000000086f00000, 0x0000000086f00000| Untracked 
|  22|0x0000000087000000, 0x0000000087000000, 0x0000000087100000|  0%| F|  |TAMS 0x0000000087000000, 0x0000000087000000| Untracked 
|  23|0x0000000087100000, 0x0000000087100000, 0x0000000087200000|  0%| F|  |TAMS 0x0000000087100000, 0x0000000087100000| Untracked 
|  24|0x0000000087200000, 0x0000000087200000, 0x0000000087300000|  0%| F|  |TAMS 0x0000000087200000, 0x0000000087200000| Untracked 
|  25|0x0000000087300000, 0x0000000087300000, 0x0000000087400000|  0%| F|  |TAMS 0x0000000087300000, 0x0000000087300000| Untracked 
|  26|0x0000000087400000, 0x0000000087400000, 0x0000000087500000|  0%| F|  |TAMS 0x0000000087400000, 0x0000000087400000| Untracked 
|  27|0x0000000087500000, 0x0000000087500000, 0x0000000087600000|  0%| F|  |TAMS 0x0000000087500000, 0x0000000087500000| Untracked 
|  28|0x0000000087600000, 0x0000000087600000, 0x0000000087700000|  0%| F|  |TAMS 0x0000000087600000, 0x0000000087600000| Untracked 
|  29|0x0000000087700000, 0x0000000087700000, 0x0000000087800000|  0%| F|  |TAMS 0x0000000087700000, 0x0000000087700000| Untracked 
|  30|0x0000000087800000, 0x0000000087800000, 0x0000000087900000|  0%| F|  |TAMS 0x0000000087800000, 0x0000000087800000| Untracked 
|  31|0x0000000087900000, 0x0000000087900000, 0x0000000087a00000|  0%| F|  |TAMS 0x0000000087900000, 0x0000000087900000| Untracked 
|  32|0x0000000087a00000, 0x0000000087a00000, 0x0000000087b00000|  0%| F|  |TAMS 0x0000000087a00000, 0x0000000087a00000| Untracked 
|  33|0x0000000087b00000, 0x0000000087b00000, 0x0000000087c00000|  0%| F|  |TAMS 0x0000000087b00000, 0x0000000087b00000| Untracked 
|  34|0x0000000087c00000, 0x0000000087c00000, 0x0000000087d00000|  0%| F|  |TAMS 0x0000000087c00000, 0x0000000087c00000| Untracked 
|  35|0x0000000087d00000, 0x0000000087d00000, 0x0000000087e00000|  0%| F|  |TAMS 0x0000000087d00000, 0x0000000087d00000| Untracked 
|  36|0x0000000087e00000, 0x0000000087e00000, 0x0000000087f00000|  0%| F|  |TAMS 0x0000000087e00000, 0x0000000087e00000| Untracked 
|  37|0x0000000087f00000, 0x0000000087f00000, 0x0000000088000000|  0%| F|  |TAMS 0x0000000087f00000, 0x0000000087f00000| Untracked 
|  38|0x0000000088000000, 0x0000000088000000, 0x0000000088100000|  0%| F|  |TAMS 0x0000000088000000, 0x0000000088000000| Untracked 
|  39|0x0000000088100000, 0x0000000088100000, 0x0000000088200000|  0%| F|  |TAMS 0x0000000088100000, 0x0000000088100000| Untracked 
|  40|0x0000000088200000, 0x0000000088200000, 0x0000000088300000|  0%| F|  |TAMS 0x0000000088200000, 0x0000000088200000| Untracked 
|  41|0x0000000088300000, 0x0000000088300000, 0x0000000088400000|  0%| F|  |TAMS 0x0000000088300000, 0x0000000088300000| Untracked 
|  42|0x0000000088400000, 0x0000000088400000, 0x0000000088500000|  0%| F|  |TAMS 0x0000000088400000, 0x0000000088400000| Untracked 
|  43|0x0000000088500000, 0x0000000088500000, 0x0000000088600000|  0%| F|  |TAMS 0x0000000088500000, 0x0000000088500000| Untracked 
|  44|0x0000000088600000, 0x0000000088600000, 0x0000000088700000|  0%| F|  |TAMS 0x0000000088600000, 0x0000000088600000| Untracked 
|  45|0x0000000088700000, 0x0000000088700000, 0x0000000088800000|  0%| F|  |TAMS 0x0000000088700000, 0x0000000088700000| Untracked 
|  46|0x0000000088800000, 0x0000000088800000, 0x0000000088900000|  0%| F|  |TAMS 0x0000000088800000, 0x0000000088800000| Untracked 
|  47|0x0000000088900000, 0x0000000088900000, 0x0000000088a00000|  0%| F|  |TAMS 0x0000000088900000, 0x0000000088900000| Untracked 
|  48|0x0000000088a00000, 0x0000000088a00000, 0x0000000088b00000|  0%| F|  |TAMS 0x0000000088a00000, 0x0000000088a00000| Untracked 
|  49|0x0000000088b00000, 0x0000000088b00000, 0x0000000088c00000|  0%| F|  |TAMS 0x0000000088b00000, 0x0000000088b00000| Untracked 
|  50|0x0000000088c00000, 0x0000000088c00000, 0x0000000088d00000|  0%| F|  |TAMS 0x0000000088c00000, 0x0000000088c00000| Untracked 
|  51|0x0000000088d00000, 0x0000000088d00000, 0x0000000088e00000|  0%| F|  |TAMS 0x0000000088d00000, 0x0000000088d00000| Untracked 
|  52|0x0000000088e00000, 0x0000000088e00000, 0x0000000088f00000|  0%| F|  |TAMS 0x0000000088e00000, 0x0000000088e00000| Untracked 
|  53|0x0000000088f00000, 0x0000000088f00000, 0x0000000089000000|  0%| F|  |TAMS 0x0000000088f00000, 0x0000000088f00000| Untracked 
|  54|0x0000000089000000, 0x0000000089000000, 0x0000000089100000|  0%| F|  |TAMS 0x0000000089000000, 0x0000000089000000| Untracked 
|  55|0x0000000089100000, 0x0000000089100000, 0x0000000089200000|  0%| F|  |TAMS 0x0000000089100000, 0x0000000089100000| Untracked 
|  56|0x0000000089200000, 0x0000000089200000, 0x0000000089300000|  0%| F|  |TAMS 0x0000000089200000, 0x0000000089200000| Untracked 
|  57|0x0000000089300000, 0x0000000089300000, 0x0000000089400000|  0%| F|  |TAMS 0x0000000089300000, 0x0000000089300000| Untracked 
|  58|0x0000000089400000, 0x0000000089400000, 0x0000000089500000|  0%| F|  |TAMS 0x0000000089400000, 0x0000000089400000| Untracked 
|  59|0x0000000089500000, 0x0000000089500000, 0x0000000089600000|  0%| F|  |TAMS 0x0000000089500000, 0x0000000089500000| Untracked 
|  60|0x0000000089600000, 0x0000000089600000, 0x0000000089700000|  0%| F|  |TAMS 0x0000000089600000, 0x0000000089600000| Untracked 
|  61|0x0000000089700000, 0x0000000089700000, 0x0000000089800000|  0%| F|  |TAMS 0x0000000089700000, 0x0000000089700000| Untracked 
|  62|0x0000000089800000, 0x0000000089800000, 0x0000000089900000|  0%| F|  |TAMS 0x0000000089800000, 0x0000000089800000| Untracked 
|  63|0x0000000089900000, 0x0000000089900000, 0x0000000089a00000|  0%| F|  |TAMS 0x0000000089900000, 0x0000000089900000| Untracked 
|  64|0x0000000089a00000, 0x0000000089a00000, 0x0000000089b00000|  0%| F|  |TAMS 0x0000000089a00000, 0x0000000089a00000| Untracked 
|  65|0x0000000089b00000, 0x0000000089b00000, 0x0000000089c00000|  0%| F|  |TAMS 0x0000000089b00000, 0x0000000089b00000| Untracked 
|  66|0x0000000089c00000, 0x0000000089c00000, 0x0000000089d00000|  0%| F|  |TAMS 0x0000000089c00000, 0x0000000089c00000| Untracked 
|  67|0x0000000089d00000, 0x0000000089d00000, 0x0000000089e00000|  0%| F|  |TAMS 0x0000000089d00000, 0x0000000089d00000| Untracked 
|  68|0x0000000089e00000, 0x0000000089e00000, 0x0000000089f00000|  0%| F|  |TAMS 0x0000000089e00000, 0x0000000089e00000| Untracked 
|  69|0x0000000089f00000, 0x0000000089f00000, 0x000000008a000000|  0%| F|  |TAMS 0x0000000089f00000, 0x0000000089f00000| Untracked 
|  70|0x000000008a000000, 0x000000008a000000, 0x000000008a100000|  0%| F|  |TAMS 0x000000008a000000, 0x000000008a000000| Untracked 
|  71|0x000000008a100000, 0x000000008a100000, 0x000000008a200000|  0%| F|  |TAMS 0x000000008a100000, 0x000000008a100000| Untracked 
|  72|0x000000008a200000, 0x000000008a200000, 0x000000008a300000|  0%| F|  |TAMS 0x000000008a200000, 0x000000008a200000| Untracked 
|  73|0x000000008a300000, 0x000000008a300000, 0x000000008a400000|  0%| F|  |TAMS 0x000000008a300000, 0x000000008a300000| Untracked 
|  74|0x000000008a400000, 0x000000008a400000, 0x000000008a500000|  0%| F|  |TAMS 0x000000008a400000, 0x000000008a400000| Untracked 
|  75|0x000000008a500000, 0x000000008a500000, 0x000000008a600000|  0%| F|  |TAMS 0x000000008a500000, 0x000000008a500000| Untracked 
|  76|0x000000008a600000, 0x000000008a600000, 0x000000008a700000|  0%| F|  |TAMS 0x000000008a600000, 0x000000008a600000| Untracked 
|  77|0x000000008a700000, 0x000000008a700000, 0x000000008a800000|  0%| F|  |TAMS 0x000000008a700000, 0x000000008a700000| Untracked 
|  78|0x000000008a800000, 0x000000008a800000, 0x000000008a900000|  0%| F|  |TAMS 0x000000008a800000, 0x000000008a800000| Untracked 
|  79|0x000000008a900000, 0x000000008a900000, 0x000000008aa00000|  0%| F|  |TAMS 0x000000008a900000, 0x000000008a900000| Untracked 
|  80|0x000000008aa00000, 0x000000008aa00000, 0x000000008ab00000|  0%| F|  |TAMS 0x000000008aa00000, 0x000000008aa00000| Untracked 
|  81|0x000000008ab00000, 0x000000008ab00000, 0x000000008ac00000|  0%| F|  |TAMS 0x000000008ab00000, 0x000000008ab00000| Untracked 
|  82|0x000000008ac00000, 0x000000008ac00000, 0x000000008ad00000|  0%| F|  |TAMS 0x000000008ac00000, 0x000000008ac00000| Untracked 
|  83|0x000000008ad00000, 0x000000008ad00000, 0x000000008ae00000|  0%| F|  |TAMS 0x000000008ad00000, 0x000000008ad00000| Untracked 
|  84|0x000000008ae00000, 0x000000008ae00000, 0x000000008af00000|  0%| F|  |TAMS 0x000000008ae00000, 0x000000008ae00000| Untracked 
|  85|0x000000008af00000, 0x000000008af00000, 0x000000008b000000|  0%| F|  |TAMS 0x000000008af00000, 0x000000008af00000| Untracked 
|  86|0x000000008b000000, 0x000000008b000000, 0x000000008b100000|  0%| F|  |TAMS 0x000000008b000000, 0x000000008b000000| Untracked 
|  87|0x000000008b100000, 0x000000008b100000, 0x000000008b200000|  0%| F|  |TAMS 0x000000008b100000, 0x000000008b100000| Untracked 
|  88|0x000000008b200000, 0x000000008b200000, 0x000000008b300000|  0%| F|  |TAMS 0x000000008b200000, 0x000000008b200000| Untracked 
|  89|0x000000008b300000, 0x000000008b300000, 0x000000008b400000|  0%| F|  |TAMS 0x000000008b300000, 0x000000008b300000| Untracked 
|  90|0x000000008b400000, 0x000000008b400000, 0x000000008b500000|  0%| F|  |TAMS 0x000000008b400000, 0x000000008b400000| Untracked 
|  91|0x000000008b500000, 0x000000008b500000, 0x000000008b600000|  0%| F|  |TAMS 0x000000008b500000, 0x000000008b500000| Untracked 
|  92|0x000000008b600000, 0x000000008b600000, 0x000000008b700000|  0%| F|  |TAMS 0x000000008b600000, 0x000000008b600000| Untracked 
|  93|0x000000008b700000, 0x000000008b700000, 0x000000008b800000|  0%| F|  |TAMS 0x000000008b700000, 0x000000008b700000| Untracked 
|  94|0x000000008b800000, 0x000000008b800000, 0x000000008b900000|  0%| F|  |TAMS 0x000000008b800000, 0x000000008b800000| Untracked 
|  95|0x000000008b900000, 0x000000008b900000, 0x000000008ba00000|  0%| F|  |TAMS 0x000000008b900000, 0x000000008b900000| Untracked 
|  96|0x000000008ba00000, 0x000000008ba00000, 0x000000008bb00000|  0%| F|  |TAMS 0x000000008ba00000, 0x000000008ba00000| Untracked 
|  97|0x000000008bb00000, 0x000000008bb00000, 0x000000008bc00000|  0%| F|  |TAMS 0x000000008bb00000, 0x000000008bb00000| Untracked 
|  98|0x000000008bc00000, 0x000000008bc00000, 0x000000008bd00000|  0%| F|  |TAMS 0x000000008bc00000, 0x000000008bc00000| Untracked 
|  99|0x000000008bd00000, 0x000000008bd00000, 0x000000008be00000|  0%| F|  |TAMS 0x000000008bd00000, 0x000000008bd00000| Untracked 
| 100|0x000000008be00000, 0x000000008be00000, 0x000000008bf00000|  0%| F|  |TAMS 0x000000008be00000, 0x000000008be00000| Untracked 
| 101|0x000000008bf00000, 0x000000008bf00000, 0x000000008c000000|  0%| F|  |TAMS 0x000000008bf00000, 0x000000008bf00000| Untracked 
| 102|0x000000008c000000, 0x000000008c000000, 0x000000008c100000|  0%| F|  |TAMS 0x000000008c000000, 0x000000008c000000| Untracked 
| 103|0x000000008c100000, 0x000000008c100000, 0x000000008c200000|  0%| F|  |TAMS 0x000000008c100000, 0x000000008c100000| Untracked 
| 104|0x000000008c200000, 0x000000008c200000, 0x000000008c300000|  0%| F|  |TAMS 0x000000008c200000, 0x000000008c200000| Untracked 
| 105|0x000000008c300000, 0x000000008c300000, 0x000000008c400000|  0%| F|  |TAMS 0x000000008c300000, 0x000000008c300000| Untracked 
| 106|0x000000008c400000, 0x000000008c400000, 0x000000008c500000|  0%| F|  |TAMS 0x000000008c400000, 0x000000008c400000| Untracked 
| 107|0x000000008c500000, 0x000000008c500000, 0x000000008c600000|  0%| F|  |TAMS 0x000000008c500000, 0x000000008c500000| Untracked 
| 108|0x000000008c600000, 0x000000008c600000, 0x000000008c700000|  0%| F|  |TAMS 0x000000008c600000, 0x000000008c600000| Untracked 
| 109|0x000000008c700000, 0x000000008c700000, 0x000000008c800000|  0%| F|  |TAMS 0x000000008c700000, 0x000000008c700000| Untracked 
| 110|0x000000008c800000, 0x000000008c800000, 0x000000008c900000|  0%| F|  |TAMS 0x000000008c800000, 0x000000008c800000| Untracked 
| 111|0x000000008c900000, 0x000000008c900000, 0x000000008ca00000|  0%| F|  |TAMS 0x000000008c900000, 0x000000008c900000| Untracked 
| 112|0x000000008ca00000, 0x000000008ca00000, 0x000000008cb00000|  0%| F|  |TAMS 0x000000008ca00000, 0x000000008ca00000| Untracked 
| 113|0x000000008cb00000, 0x000000008cb00000, 0x000000008cc00000|  0%| F|  |TAMS 0x000000008cb00000, 0x000000008cb00000| Untracked 
| 114|0x000000008cc00000, 0x000000008cc00000, 0x000000008cd00000|  0%| F|  |TAMS 0x000000008cc00000, 0x000000008cc00000| Untracked 
| 115|0x000000008cd00000, 0x000000008cd00000, 0x000000008ce00000|  0%| F|  |TAMS 0x000000008cd00000, 0x000000008cd00000| Untracked 
| 116|0x000000008ce00000, 0x000000008ce00000, 0x000000008cf00000|  0%| F|  |TAMS 0x000000008ce00000, 0x000000008ce00000| Untracked 
| 117|0x000000008cf00000, 0x000000008cf00000, 0x000000008d000000|  0%| F|  |TAMS 0x000000008cf00000, 0x000000008cf00000| Untracked 
| 118|0x000000008d000000, 0x000000008d000000, 0x000000008d100000|  0%| F|  |TAMS 0x000000008d000000, 0x000000008d000000| Untracked 
| 119|0x000000008d100000, 0x000000008d154e20, 0x000000008d200000| 33%| S|CS|TAMS 0x000000008d100000, 0x000000008d100000| Complete 
| 120|0x000000008d200000, 0x000000008d200000, 0x000000008d300000|  0%| F|  |TAMS 0x000000008d200000, 0x000000008d200000| Untracked 
| 121|0x000000008d300000, 0x000000008d300000, 0x000000008d400000|  0%| F|  |TAMS 0x000000008d300000, 0x000000008d300000| Untracked 
| 122|0x000000008d400000, 0x000000008d461c90, 0x000000008d500000| 38%| E|  |TAMS 0x000000008d400000, 0x000000008d400000| Complete 
| 123|0x000000008d500000, 0x000000008d600000, 0x000000008d600000|100%| E|CS|TAMS 0x000000008d500000, 0x000000008d500000| Complete 

Card table byte_map: [0x00000260ab870000,0x00000260abc50000] _byte_map_base: 0x00000260ab443000

Marking Bits (Prev, Next): (CMBitMap*) 0x0000026096bd1620, (CMBitMap*) 0x0000026096bd15e8
 Prev Bits: [0x00000260aded0000, 0x00000260afd68000)
 Next Bits: [0x00000260ac030000, 0x00000260adec8000)

Polling page: 0x0000026096c70000

Metaspace:

Usage:
  Non-class:      8.94 MB capacity,     8.80 MB ( 98%) used,   137.78 KB (  2%) free+waste,    10.13 KB ( <1%) overhead. 
      Class:      1.07 MB capacity,     1.01 MB ( 94%) used,    62.67 KB (  6%) free+waste,     4.88 KB ( <1%) overhead. 
       Both:     10.01 MB capacity,     9.80 MB ( 98%) used,   200.45 KB (  2%) free+waste,    15.00 KB ( <1%) overhead. 

Virtual space:
  Non-class space:       12.00 MB reserved,       9.00 MB ( 75%) committed 
      Class space:        1.00 GB reserved,       1.13 MB ( <1%) committed 
             Both:        1.01 GB reserved,      10.13 MB ( <1%) committed 

Chunk freelists:
   Non-Class:  60.00 KB
       Class:  23.00 KB
        Both:  83.00 KB

MaxMetaspaceSize: 17179869184.00 GB
CompressedClassSpaceSize: 1.00 GB

CodeHeap 'non-profiled nmethods': size=120064Kb used=231Kb max_used=231Kb free=119832Kb
 bounds [0x00000260a3930000, 0x00000260a3ba0000, 0x00000260aae70000]
CodeHeap 'profiled nmethods': size=120000Kb used=1454Kb max_used=1454Kb free=118545Kb
 bounds [0x000002609c400000, 0x000002609c670000, 0x00000260a3930000]
CodeHeap 'non-nmethods': size=5696Kb used=1070Kb max_used=1082Kb free=4625Kb
 bounds [0x000002609be70000, 0x000002609c0e0000, 0x000002609c400000]
 total_blobs=1171 nmethods=801 adapters=282
 compilation: enabled
              stopped_count=0, restarted_count=0
 full_count=0

Compilation events (20 events):
Event: 3.312 Thread 0x00000260b23e9000 nmethod 772 0x000002609c557a90 code [0x000002609c557cc0, 0x000002609c558538]
Event: 3.312 Thread 0x00000260b23e2800  773       4       java.util.HashMap::getNode (148 bytes)
Event: 3.314 Thread 0x00000260b23e9000  774       3       java.util.WeakHashMap::put (162 bytes)
Event: 3.316 Thread 0x00000260b23e9000 nmethod 774 0x000002609c558810 code [0x000002609c558aa0, 0x000002609c559a38]
Event: 3.317 Thread 0x00000260b23e2800 nmethod 773 0x00000260a3968210 code [0x00000260a39683c0, 0x00000260a39685d8]
Event: 3.708 Thread 0x00000260b23e2800  775       4       java.lang.String::<init> (74 bytes)
Event: 3.714 Thread 0x00000260b23e2800 nmethod 775 0x00000260a3968810 code [0x00000260a39689c0, 0x00000260a3968dd8]
Event: 3.764 Thread 0x00000260b23e9000  776       3       sun.net.www.ParseUtil::encodePath (41 bytes)
Event: 3.764 Thread 0x00000260b23e9000 nmethod 776 0x000002609c559f10 code [0x000002609c55a0e0, 0x000002609c55a328]
Event: 3.765 Thread 0x00000260b23e2800  777       4       java.util.zip.ZipFile::ensureOpen (38 bytes)
Event: 3.766 Thread 0x00000260b23e2800 nmethod 777 0x00000260a3968f10 code [0x00000260a39690a0, 0x00000260a3969138]
Event: 3.770 Thread 0x00000260b23e9000  778       3       java.util.regex.Matcher::getTextLength (10 bytes)
Event: 3.770 Thread 0x00000260b23e9000 nmethod 778 0x000002609c55a410 code [0x000002609c55a5c0, 0x000002609c55a788]
Event: 3.770 Thread 0x00000260b23e9000  779       3       java.util.ArrayList::newCapacity (65 bytes)
Event: 3.771 Thread 0x00000260b23e9000 nmethod 779 0x000002609c55a890 code [0x000002609c55aaa0, 0x000002609c55b018]
Event: 3.771 Thread 0x00000260b23e9000  780       3       java.util.regex.Matcher::reset (128 bytes)
Event: 3.772 Thread 0x00000260b23e9000 nmethod 780 0x000002609c55b190 code [0x000002609c55b3a0, 0x000002609c55b938]
Event: 3.773 Thread 0x00000260b23e9000  781       3       java.util.ArrayList::<init> (12 bytes)
Event: 3.773 Thread 0x00000260b23e9000 nmethod 781 0x000002609c55bb90 code [0x000002609c55bd60, 0x000002609c55bff8]
Event: 3.774 Thread 0x00000260b23e2800  782   !   4       java.util.jar.JarFile::checkForSpecialAttributes (163 bytes)

GC Heap History (3 events):
Event: 2.861 GC heap before
{Heap before GC invocations=0 (full 0):
 garbage-first heap   total 126976K, used 19456K [0x0000000085a00000, 0x0000000100000000)
  region size 1024K, 14 young (14336K), 0 survivors (0K)
 Metaspace       used 8207K, capacity 8407K, committed 8576K, reserved 1056768K
  class space    used 752K, capacity 820K, committed 896K, reserved 1048576K
}
Event: 2.885 GC heap after
{Heap after GC invocations=1 (full 0):
 garbage-first heap   total 126976K, used 7844K [0x0000000085a00000, 0x0000000100000000)
  region size 1024K, 2 young (2048K), 2 survivors (2048K)
 Metaspace       used 8207K, capacity 8407K, committed 8576K, reserved 1056768K
  class space    used 752K, capacity 820K, committed 896K, reserved 1048576K
}
Event: 3.782 GC heap before
{Heap before GC invocations=1 (full 0):
 garbage-first heap   total 126976K, used 10916K [0x0000000085a00000, 0x0000000100000000)
  region size 1024K, 6 young (6144K), 2 survivors (2048K)
 Metaspace       used 9753K, capacity 9962K, committed 10112K, reserved 1060864K
  class space    used 980K, capacity 1064K, committed 1152K, reserved 1048576K
}

Deoptimization events (20 events):
Event: 3.768 Thread 0x0000026096b94000 Uncommon trap: trap_request=0xffffff4d fr.pc=0x00000260a394ccb0 relative=0x00000000000001d0
Event: 3.768 Thread 0x0000026096b94000 Uncommon trap: reason=unstable_if action=reinterpret pc=0x00000260a394ccb0 method=java.util.regex.Matcher.reset()Ljava/util/regex/Matcher; @ 47 c2
Event: 3.768 Thread 0x0000026096b94000 DEOPT PACKING pc=0x00000260a394ccb0 sp=0x000000e63d8fda00
Event: 3.768 Thread 0x0000026096b94000 DEOPT UNPACKING pc=0x000002609be978af sp=0x000000e63d8fd988 mode 2
Event: 3.768 Thread 0x0000026096b94000 Uncommon trap: trap_request=0xffffffde fr.pc=0x00000260a394d770 relative=0x00000000000003d0
Event: 3.768 Thread 0x0000026096b94000 Uncommon trap: reason=class_check action=maybe_recompile pc=0x00000260a394d770 method=java.util.regex.Matcher.match(II)Z @ 121 c2
Event: 3.768 Thread 0x0000026096b94000 DEOPT PACKING pc=0x00000260a394d770 sp=0x000000e63d8fda50
Event: 3.768 Thread 0x0000026096b94000 DEOPT UNPACKING pc=0x000002609be978af sp=0x000000e63d8fd9f8 mode 2
Event: 3.768 Thread 0x0000026096b94000 Uncommon trap: trap_request=0xffffffde fr.pc=0x00000260a394d770 relative=0x00000000000003d0
Event: 3.768 Thread 0x0000026096b94000 Uncommon trap: reason=class_check action=maybe_recompile pc=0x00000260a394d770 method=java.util.regex.Matcher.match(II)Z @ 121 c2
Event: 3.768 Thread 0x0000026096b94000 DEOPT PACKING pc=0x00000260a394d770 sp=0x000000e63d8fda50
Event: 3.768 Thread 0x0000026096b94000 DEOPT UNPACKING pc=0x000002609be978af sp=0x000000e63d8fd9f8 mode 2
Event: 3.769 Thread 0x0000026096b94000 Uncommon trap: trap_request=0xffffffde fr.pc=0x00000260a394d770 relative=0x00000000000003d0
Event: 3.769 Thread 0x0000026096b94000 Uncommon trap: reason=class_check action=maybe_recompile pc=0x00000260a394d770 method=java.util.regex.Matcher.match(II)Z @ 121 c2
Event: 3.769 Thread 0x0000026096b94000 DEOPT PACKING pc=0x00000260a394d770 sp=0x000000e63d8fd8d0
Event: 3.769 Thread 0x0000026096b94000 DEOPT UNPACKING pc=0x000002609be978af sp=0x000000e63d8fd878 mode 2
Event: 3.769 Thread 0x0000026096b94000 Uncommon trap: trap_request=0xffffffde fr.pc=0x00000260a394d770 relative=0x00000000000003d0
Event: 3.769 Thread 0x0000026096b94000 Uncommon trap: reason=class_check action=maybe_recompile pc=0x00000260a394d770 method=java.util.regex.Matcher.match(II)Z @ 121 c2
Event: 3.769 Thread 0x0000026096b94000 DEOPT PACKING pc=0x00000260a394d770 sp=0x000000e63d8fd8d0
Event: 3.769 Thread 0x0000026096b94000 DEOPT UNPACKING pc=0x000002609be978af sp=0x000000e63d8fd878 mode 2

Classes redefined (0 events):
No events

Internal exceptions (3 events):
Event: 0.552 Thread 0x0000026096b94000 Exception <a 'java/lang/NoSuchMethodError'{0x000000008d489668}: 'int java.lang.invoke.DirectMethodHandle$Holder.invokeSpecialIFC(java.lang.Object, java.lang.Object, int)'> (0x000000008d489668) thrown at [./src/hotspot/share/interpreter/linkResolver.cpp, line 773]
Event: 0.898 Thread 0x0000026096b94000 Exception <a 'java/lang/NoSuchMethodError'{0x000000008d20b6c0}: 'int java.lang.invoke.DirectMethodHandle$Holder.invokeStaticInit(java.lang.Object, java.lang.Object)'> (0x000000008d20b6c0) thrown at [./src/hotspot/share/interpreter/linkResolver.cpp, line 773]
Event: 1.852 Thread 0x0000026096b94000 Exception <a 'java/lang/NoSuchMethodError'{0x000000008d2c5bb8}: 'int java.lang.invoke.DirectMethodHandle$Holder.invokeSpecial(java.lang.Object, java.lang.Object, java.lang.Object, java.lang.Object)'> (0x000000008d2c5bb8) thrown at [./src/hotspot/share/interpreter/linkResolver.cpp, line 773]

Events (20 events):
Event: 3.766 loading class org/gradle/cli/CommandLineParser$BeforeFirstSubCommand done
Event: 3.766 loading class org/gradle/cli/CommandLineParser$OptionAwareParserState
Event: 3.766 loading class org/gradle/cli/CommandLineParser$OptionAwareParserState done
Event: 3.767 loading class org/gradle/cli/CommandLineParser$AfterOptions
Event: 3.767 loading class org/gradle/cli/CommandLineParser$AfterOptions done
Event: 3.768 loading class org/gradle/cli/CommandLineOption
Event: 3.768 loading class org/gradle/cli/CommandLineOption done
Event: 3.771 loading class org/gradle/cli/ParsedCommandLine
Event: 3.771 loading class org/gradle/cli/ParsedCommandLine done
Event: 3.772 loading class org/gradle/cli/ParsedCommandLineOption
Event: 3.772 loading class org/gradle/cli/ParsedCommandLineOption done
Event: 3.773 loading class org/gradle/cli/CommandLineParser$AfterFirstSubCommand
Event: 3.773 loading class org/gradle/cli/CommandLineParser$AfterFirstSubCommand done
Event: 3.774 loading class org/gradle/cli/CommandLineParser$OptionParserState
Event: 3.774 loading class org/gradle/cli/CommandLineParser$OptionParserState done
Event: 3.775 loading class org/gradle/cli/CommandLineParser$UnknownOptionParserState
Event: 3.775 loading class org/gradle/cli/CommandLineParser$UnknownOptionParserState done
Event: 3.777 loading class org/gradle/cli/CommandLineParser$KnownOptionParserState
Event: 3.777 loading class org/gradle/cli/CommandLineParser$KnownOptionParserState done
Event: 3.782 Executing VM operation: CollectForMetadataAllocation


Dynamic libraries:
0x00007ff73a350000 - 0x00007ff73a35a000 	C:\Program Files\Android\Android Studio\jre\bin\java.exe
0x00007ffa94870000 - 0x00007ffa94a65000 	C:\WINDOWS\SYSTEM32\ntdll.dll
0x00007ffa6b3d0000 - 0x00007ffa6b3e6000 	C:\Program Files\Avast Software\Avast\aswhook.dll
0x00007ffa93e50000 - 0x00007ffa93f0e000 	C:\WINDOWS\System32\KERNEL32.DLL
0x00007ffa920c0000 - 0x00007ffa92388000 	C:\WINDOWS\System32\KERNELBASE.dll
0x00007ffa91f90000 - 0x00007ffa92090000 	C:\WINDOWS\System32\ucrtbase.dll
0x00007ffa8a970000 - 0x00007ffa8a989000 	C:\Program Files\Android\Android Studio\jre\bin\jli.dll
0x00007ffa8b8f0000 - 0x00007ffa8b907000 	C:\Program Files\Android\Android Studio\jre\bin\VCRUNTIME140.dll
0x00007ffa93160000 - 0x00007ffa93301000 	C:\WINDOWS\System32\USER32.dll
0x00007ffa92090000 - 0x00007ffa920b2000 	C:\WINDOWS\System32\win32u.dll
0x00007ffa93310000 - 0x00007ffa9333b000 	C:\WINDOWS\System32\GDI32.dll
0x00007ffa927b0000 - 0x00007ffa928bb000 	C:\WINDOWS\System32\gdi32full.dll
0x00007ffa6d9e0000 - 0x00007ffa6dc7a000 	C:\WINDOWS\WinSxS\amd64_microsoft.windows.common-controls_6595b64144ccf1df_6.0.19041.1110_none_60b5254171f9507e\COMCTL32.dll
0x00007ffa926b0000 - 0x00007ffa9274d000 	C:\WINDOWS\System32\msvcp_win.dll
0x00007ffa929a0000 - 0x00007ffa92a3e000 	C:\WINDOWS\System32\msvcrt.dll
0x00007ffa93be0000 - 0x00007ffa93c10000 	C:\WINDOWS\System32\IMM32.DLL
0x00007ffa633e0000 - 0x00007ffa6347d000 	C:\Program Files\Android\Android Studio\jre\bin\msvcp140.dll
0x00007ffa4bb70000 - 0x00007ffa4c63f000 	C:\Program Files\Android\Android Studio\jre\bin\server\jvm.dll
0x00007ffa93da0000 - 0x00007ffa93e4c000 	C:\WINDOWS\System32\ADVAPI32.dll
0x00007ffa92ef0000 - 0x00007ffa92f8b000 	C:\WINDOWS\System32\sechost.dll
0x00007ffa93630000 - 0x00007ffa9375a000 	C:\WINDOWS\System32\RPCRT4.dll
0x00007ffa93d90000 - 0x00007ffa93d98000 	C:\WINDOWS\System32\PSAPI.DLL
0x00007ffa7e7e0000 - 0x00007ffa7e7e9000 	C:\WINDOWS\SYSTEM32\WSOCK32.dll
0x00007ffa8be50000 - 0x00007ffa8be77000 	C:\WINDOWS\SYSTEM32\WINMM.dll
0x00007ffa93c10000 - 0x00007ffa93c7b000 	C:\WINDOWS\System32\WS2_32.dll
0x00007ffa8be20000 - 0x00007ffa8be2a000 	C:\WINDOWS\SYSTEM32\VERSION.dll
0x00007ffa90860000 - 0x00007ffa90872000 	C:\WINDOWS\SYSTEM32\kernel.appcore.dll
0x00007ffa8be00000 - 0x00007ffa8be11000 	C:\Program Files\Android\Android Studio\jre\bin\verify.dll
0x00007ffa90520000 - 0x00007ffa90704000 	C:\WINDOWS\SYSTEM32\DBGHELP.DLL
0x00007ffa880d0000 - 0x00007ffa880fc000 	C:\WINDOWS\SYSTEM32\dbgcore.DLL
0x00007ffa92390000 - 0x00007ffa92413000 	C:\WINDOWS\System32\bcryptPrimitives.dll
0x00007ffa8bdd0000 - 0x00007ffa8bdf9000 	C:\Program Files\Android\Android Studio\jre\bin\java.dll
0x00007ffa8d220000 - 0x00007ffa8d22b000 	C:\Program Files\Android\Android Studio\jre\bin\jimage.dll
0x00007ffa8a190000 - 0x00007ffa8a1a8000 	C:\Program Files\Android\Android Studio\jre\bin\zip.dll
0x00007ffa940f0000 - 0x00007ffa9482f000 	C:\WINDOWS\System32\SHELL32.dll
0x00007ffa8fcc0000 - 0x00007ffa90450000 	C:\WINDOWS\SYSTEM32\windows.storage.dll
0x00007ffa92b70000 - 0x00007ffa92ec5000 	C:\WINDOWS\System32\combase.dll
0x00007ffa91910000 - 0x00007ffa9193e000 	C:\WINDOWS\SYSTEM32\Wldp.dll
0x00007ffa94040000 - 0x00007ffa940ed000 	C:\WINDOWS\System32\SHCORE.dll
0x00007ffa93d30000 - 0x00007ffa93d85000 	C:\WINDOWS\System32\shlwapi.dll
0x00007ffa91ed0000 - 0x00007ffa91eef000 	C:\WINDOWS\SYSTEM32\profapi.dll
0x00007ffa813c0000 - 0x00007ffa813da000 	C:\Program Files\Android\Android Studio\jre\bin\net.dll
0x00007ffa81b10000 - 0x00007ffa81c1c000 	C:\WINDOWS\SYSTEM32\WINHTTP.dll
0x00007ffa91670000 - 0x00007ffa916da000 	C:\WINDOWS\system32\mswsock.dll
0x00007ffa803d0000 - 0x00007ffa803e4000 	C:\Program Files\Android\Android Studio\jre\bin\nio.dll

dbghelp: loaded successfully - version: 4.0.5 - missing functions: none
symbol engine: initialized successfully - sym options: 0x614 - pdb path: (cannot be retrieved)

VM Arguments:
jvm_args: -Dorg.gradle.appname=gradlew 
java_command: org.gradle.wrapper.GradleWrapperMain -q -Ptarget-platform=android-x86 -Ptarget=C:\Users\FS\AndroidStudioProjects\Digital_Quran\lib\main.dart -Pdart-defines=Zmx1dHRlci5pbnNwZWN0b3Iuc3RydWN0dXJlZEVycm9ycz10cnVl,RkxVVFRFUl9XRUJfQVVUT19ERVRFQ1Q9dHJ1ZQ== -Pdart-obfuscation=false -Ptrack-widget-creation=true -Ptree-shake-icons=false -Pfilesystem-scheme=org-dartlang-root assembleDebug
java_class_path (initial): C:\Users\FS\AndroidStudioProjects\Digital_Quran\android\\gradle\wrapper\gradle-wrapper.jar
Launcher Type: SUN_STANDARD

[Global flags]
     intx CICompilerCount                          = 3                                         {product} {ergonomic}
     uint ConcGCThreads                            = 1                                         {product} {ergonomic}
     uint G1ConcRefinementThreads                  = 4                                         {product} {ergonomic}
   size_t G1HeapRegionSize                         = 1048576                                   {product} {ergonomic}
    uintx GCDrainStackTargetSize                   = 64                                        {product} {ergonomic}
   size_t InitialHeapSize                          = 130023424                                 {product} {ergonomic}
   size_t MarkStackSize                            = 4194304                                   {product} {ergonomic}
   size_t MaxHeapSize                              = 2053111808                                {product} {ergonomic}
   size_t MaxNewSize                               = 1231028224                                {product} {ergonomic}
   size_t MinHeapDeltaBytes                        = 1048576                                   {product} {ergonomic}
    uintx NonNMethodCodeHeapSize                   = 5830732                                {pd product} {ergonomic}
    uintx NonProfiledCodeHeapSize                  = 122913754                              {pd product} {ergonomic}
    uintx ProfiledCodeHeapSize                     = 122913754                              {pd product} {ergonomic}
    uintx ReservedCodeCacheSize                    = 251658240                              {pd product} {ergonomic}
     bool SegmentedCodeCache                       = true                                      {product} {ergonomic}
     bool UseCompressedClassPointers               = true                                 {lp64_product} {ergonomic}
     bool UseCompressedOops                        = true                                 {lp64_product} {ergonomic}
     bool UseG1GC                                  = true                                      {product} {ergonomic}
     bool UseLargePagesIndividualAllocation        = false                                  {pd product} {ergonomic}

Logging:
Log output configuration:
 #0: stdout all=warning uptime,level,tags
 #1: stderr all=off uptime,level,tags

Environment Variables:
JAVA_HOME=C:\Program Files\Android\Android Studio\jre
CLASSPATH=C:\Users\FS\AndroidStudioProjects\Digital_Quran\android\\gradle\wrapper\gradle-wrapper.jar
PATH=C:\Program Files\Common Files\Oracle\Java\javapath;C:\WINDOWS\system32;C:\WINDOWS;C:\WINDOWS\System32\Wbem;C:\WINDOWS\System32\WindowsPowerShell\v1.0\;C:\Program Files\Git\cmd;C:\Program Files\Java\jdk-17.0.1\bin;C:\Users\FS\MinGW\bin;;C:\WINDOWS\System32\OpenSSH\;C:\Users\FS\AppData\Local\Microsoft\WindowsApps;C:\Users\FS\AppData\Local\Programs\Microsoft VS Code\bin;C:\Program Files\flutter\bin;;C:\Program Files\flutter\bin\mingit\cmd
USERNAME=FS
OS=Windows_NT
PROCESSOR_IDENTIFIER=Intel64 Family 6 Model 78 Stepping 3, GenuineIntel



---------------  S Y S T E M  ---------------

OS: Windows 10 , 64 bit Build 19041 (10.0.19041.1348)
OS uptime: 1 days 5:42 hours

CPU:total 4 (initial active 4) (2 cores per cpu, 2 threads per core) family 6 model 78 stepping 3 microcode 0xcc, cmov, cx8, fxsr, mmx, sse, sse2, sse3, ssse3, sse4.1, sse4.2, popcnt, avx, avx2, aes, clmul, erms, rtm, 3dnowpref, lzcnt, ht, tsc, tscinvbit, bmi1, bmi2, adx, fma

Memory: 4k page, system-wide physical 7830M (157M free)
TotalPageFile size 25718M (AvailPageFile size 0M)
current process WorkingSet (physical memory assigned to process): 73M, peak: 73M
current process commit charge ("private bytes"): 204M, peak: 204M

vm_info: OpenJDK 64-Bit Server VM (11.0.10+0-b96-7249189) for windows-amd64 JRE (11.0.10+0-b96-7249189), built on Mar 31 2021 21:44:00 by "builder" with MS VC++ 14.0 (VS2015)

END.
